<?xml version="1.0" encoding="UTF-8"?>
<!-- Generated by org.testng.reporters.JUnitReportReporter -->
<testsuite hostname="DESKTOP-6JOMMLI" failures="0" tests="35" name="com.ecommerce.dawnTheme.homepageTest" time="87.402" errors="0" timestamp="2024-05-08T10:46:44 IST" skipped="0">
  <testcase classname="com.ecommerce.dawnTheme.homepageTest" name="homepageSuccess" time="2.306"/>
  <system-out/>
  <testcase classname="com.ecommerce.dawnTheme.homepageTest" name="homepageError" time="1.958"/>
  <system-out/>
  <testcase classname="com.ecommerce.dawnTheme.homepageTest" name="announcementBar" time="1.994"/>
  <system-out/>
  <testcase classname="com.ecommerce.dawnTheme.homepageTest" name="dawnLogo" time="1.952"/>
  <system-out/>
  <testcase classname="com.ecommerce.dawnTheme.homepageTest" name="bagsDropdown" time="1.905"/>
  <system-out/>
  <testcase classname="com.ecommerce.dawnTheme.homepageTest" name="bagsDropdownSelect" time="2.906"/>
  <system-out/>
  <testcase classname="com.ecommerce.dawnTheme.homepageTest" name="shoesDropdown" time="2.121"/>
  <system-out/>
  <testcase classname="com.ecommerce.dawnTheme.homepageTest" name="shoesDropdownSelect" time="2.524"/>
  <system-out/>
  <testcase classname="com.ecommerce.dawnTheme.homepageTest" name="lookBook" time="1.980"/>
  <system-out/>
  <testcase classname="com.ecommerce.dawnTheme.homepageTest" name="searchIcon" time="1.947"/>
  <system-out/>
  <testcase classname="com.ecommerce.dawnTheme.homepageTest" name="profileIcon" time="1.918"/>
  <system-out/>
  <testcase classname="com.ecommerce.dawnTheme.homepageTest" name="cartIcon" time="1.932"/>
  <system-out/>
  <testcase classname="com.ecommerce.dawnTheme.homepageTest" name="shopNowButton" time="3.260"/>
  <system-out/>
  <testcase classname="com.ecommerce.dawnTheme.homepageTest" name="backInStock" time="2.079"/>
  <system-out/>
  <testcase classname="com.ecommerce.dawnTheme.homepageTest" name="bagsLinkFooter" time="2.426"/>
  <system-out/>
  <testcase classname="com.ecommerce.dawnTheme.homepageTest" name="bagsPage" time="2.499"/>
  <system-out/>
  <testcase classname="com.ecommerce.dawnTheme.homepageTest" name="shoesLinkFooter" time="2.299"/>
  <system-out/>
  <testcase classname="com.ecommerce.dawnTheme.homepageTest" name="shoesPage" time="2.566"/>
  <system-out/>
  <testcase classname="com.ecommerce.dawnTheme.homepageTest" name="lookBookLinkFooter" time="2.492"/>
  <system-out/>
  <testcase classname="com.ecommerce.dawnTheme.homepageTest" name="lookBookLinkPage" time="2.618"/>
  <system-out/>
  <testcase classname="com.ecommerce.dawnTheme.homepageTest" name="aboutLinkFooter" time="2.320"/>
  <system-out/>
  <testcase classname="com.ecommerce.dawnTheme.homepageTest" name="aboutPage" time="2.554"/>
  <system-out/>
  <testcase classname="com.ecommerce.dawnTheme.homepageTest" name="contactUsLinkFooter" time="2.300"/>
  <system-out/>
  <testcase classname="com.ecommerce.dawnTheme.homepageTest" name="contactUsPage" time="2.482"/>
  <system-out/>
  <testcase classname="com.ecommerce.dawnTheme.homepageTest" name="shippingPolicyLinkFooter" time="2.315"/>
  <system-out/>
  <testcase classname="com.ecommerce.dawnTheme.homepageTest" name="shippingPage" time="2.592"/>
  <system-out/>
  <testcase classname="com.ecommerce.dawnTheme.homepageTest" name="blogLinkFooter" time="2.494"/>
  <system-out/>
  <testcase classname="com.ecommerce.dawnTheme.homepageTest" name="newsPage" time="2.395"/>
  <system-out/>
  <testcase classname="com.ecommerce.dawnTheme.homepageTest" name="newsletter" time="2.545"/>
  <system-out/>
  <testcase classname="com.ecommerce.dawnTheme.homepageTest" name="country" time="4.496"/>
  <system-out/>
  <testcase classname="com.ecommerce.dawnTheme.homepageTest" name="facebookLink" time="3.226"/>
  <system-out/>
  <testcase classname="com.ecommerce.dawnTheme.homepageTest" name="instagramLink" time="2.905"/>
  <system-out/>
  <testcase classname="com.ecommerce.dawnTheme.homepageTest" name="youtubeLink" time="2.911"/>
  <system-out/>
  <testcase classname="com.ecommerce.dawnTheme.homepageTest" name="ticktokLink" time="3.092"/>
  <system-out/>
  <testcase classname="com.ecommerce.dawnTheme.homepageTest" name="twiterLink" time="3.093"/>
  <system-out/>
</testsuite> <!-- com.ecommerce.dawnTheme.homepageTest -->
